  BVH.cpp
D:\Works\Codes\Computer Graphics\games101\homework6\Ray.hpp(18,73): warning C4244: 'argument': conversion from 'double' to 'float', possible loss of data
D:\Works\Codes\Computer Graphics\games101\homework6\Ray.hpp(18,55): warning C4244: 'argument': conversion from 'double' to 'float', possible loss of data
D:\Works\Codes\Computer Graphics\games101\homework6\Ray.hpp(18,37): warning C4244: 'argument': conversion from 'double' to 'float', possible loss of data
D:\Works\Codes\Computer Graphics\games101\homework6\Ray.hpp(23,71): warning C4244: 'argument': conversion from 'double' to 'const float', possible loss of data
D:\Works\Codes\Computer Graphics\games101\homework6\Bounds3.hpp(21,50): warning C4244: 'argument': conversion from 'double' to 'float', possible loss of data
D:\Works\Codes\Computer Graphics\games101\homework6\Bounds3.hpp(21,42): warning C4244: 'argument': conversion from 'double' to 'float', possible loss of data
D:\Works\Codes\Computer Graphics\games101\homework6\Bounds3.hpp(21,34): warning C4244: 'argument': conversion from 'double' to 'float', possible loss of data
D:\Works\Codes\Computer Graphics\games101\homework6\Bounds3.hpp(22,50): warning C4244: 'argument': conversion from 'double' to 'float', possible loss of data
D:\Works\Codes\Computer Graphics\games101\homework6\Bounds3.hpp(22,42): warning C4244: 'argument': conversion from 'double' to 'float', possible loss of data
D:\Works\Codes\Computer Graphics\games101\homework6\Bounds3.hpp(22,34): warning C4244: 'argument': conversion from 'double' to 'float', possible loss of data
D:\Works\Codes\Computer Graphics\games101\homework6\global.hpp(19,46): warning C4244: '=': conversion from 'double' to 'float', possible loss of data
D:\Works\Codes\Computer Graphics\games101\homework6\global.hpp(21,17): warning C4244: 'initializing': conversion from 'double' to 'float', possible loss of data
D:\Works\Codes\Computer Graphics\games101\homework6\global.hpp(45,13): warning C4244: 'initializing': conversion from 'float' to 'int', possible loss of data
  Renderer.cpp
D:\Works\Codes\Computer Graphics\games101\homework6\global.hpp(19,46): warning C4244: '=': conversion from 'double' to 'float', possible loss of data
D:\Works\Codes\Computer Graphics\games101\homework6\global.hpp(21,17): warning C4244: 'initializing': conversion from 'double' to 'float', possible loss of data
D:\Works\Codes\Computer Graphics\games101\homework6\global.hpp(45,13): warning C4244: 'initializing': conversion from 'float' to 'int', possible loss of data
D:\Works\Codes\Computer Graphics\games101\homework6\Ray.hpp(18,73): warning C4244: 'argument': conversion from 'double' to 'float', possible loss of data
D:\Works\Codes\Computer Graphics\games101\homework6\Ray.hpp(18,55): warning C4244: 'argument': conversion from 'double' to 'float', possible loss of data
D:\Works\Codes\Computer Graphics\games101\homework6\Ray.hpp(18,37): warning C4244: 'argument': conversion from 'double' to 'float', possible loss of data
D:\Works\Codes\Computer Graphics\games101\homework6\Ray.hpp(23,71): warning C4244: 'argument': conversion from 'double' to 'const float', possible loss of data
D:\Works\Codes\Computer Graphics\games101\homework6\Bounds3.hpp(21,50): warning C4244: 'argument': conversion from 'double' to 'float', possible loss of data
D:\Works\Codes\Computer Graphics\games101\homework6\Bounds3.hpp(21,42): warning C4244: 'argument': conversion from 'double' to 'float', possible loss of data
D:\Works\Codes\Computer Graphics\games101\homework6\Bounds3.hpp(21,34): warning C4244: 'argument': conversion from 'double' to 'float', possible loss of data
D:\Works\Codes\Computer Graphics\games101\homework6\Bounds3.hpp(22,50): warning C4244: 'argument': conversion from 'double' to 'float', possible loss of data
D:\Works\Codes\Computer Graphics\games101\homework6\Bounds3.hpp(22,42): warning C4244: 'argument': conversion from 'double' to 'float', possible loss of data
D:\Works\Codes\Computer Graphics\games101\homework6\Bounds3.hpp(22,34): warning C4244: 'argument': conversion from 'double' to 'float', possible loss of data
D:\Works\Codes\Computer Graphics\games101\homework6\Scene.hpp(22): warning C4305: 'argument': truncation from 'double' to 'float'
D:\Works\Codes\Computer Graphics\games101\homework6\Renderer.cpp(9,60): warning C4244: 'return': conversion from 'double' to 'float', possible loss of data
D:\Works\Codes\Computer Graphics\games101\homework6\Renderer.cpp(11,30): warning C4305: 'initializing': truncation from 'double' to 'float'
D:\Works\Codes\Computer Graphics\games101\homework6\Renderer.cpp(20,55): warning C4244: 'argument': conversion from 'double' to 'const float', possible loss of data
D:\Works\Codes\Computer Graphics\games101\homework6\Renderer.cpp(25,28): warning C4018: '<': signed/unsigned mismatch
D:\Works\Codes\Computer Graphics\games101\homework6\Renderer.cpp(27,32): warning C4018: '<': signed/unsigned mismatch
D:\Works\Codes\Computer Graphics\games101\homework6\Renderer.cpp(30,21): warning C4244: 'initializing': conversion from 'double' to 'float', possible loss of data
D:\Works\Codes\Computer Graphics\games101\homework6\Renderer.cpp(31,21): warning C4244: 'initializing': conversion from 'double' to 'float', possible loss of data
  Scene.cpp
D:\Works\Codes\Computer Graphics\games101\homework6\global.hpp(19,46): warning C4244: '=': conversion from 'double' to 'float', possible loss of data
D:\Works\Codes\Computer Graphics\games101\homework6\global.hpp(21,17): warning C4244: 'initializing': conversion from 'double' to 'float', possible loss of data
D:\Works\Codes\Computer Graphics\games101\homework6\global.hpp(45,13): warning C4244: 'initializing': conversion from 'float' to 'int', possible loss of data
D:\Works\Codes\Computer Graphics\games101\homework6\Ray.hpp(18,73): warning C4244: 'argument': conversion from 'double' to 'float', possible loss of data
D:\Works\Codes\Computer Graphics\games101\homework6\Ray.hpp(18,55): warning C4244: 'argument': conversion from 'double' to 'float', possible loss of data
D:\Works\Codes\Computer Graphics\games101\homework6\Ray.hpp(18,37): warning C4244: 'argument': conversion from 'double' to 'float', possible loss of data
D:\Works\Codes\Computer Graphics\games101\homework6\Ray.hpp(23,71): warning C4244: 'argument': conversion from 'double' to 'const float', possible loss of data
D:\Works\Codes\Computer Graphics\games101\homework6\Bounds3.hpp(21,50): warning C4244: 'argument': conversion from 'double' to 'float', possible loss of data
D:\Works\Codes\Computer Graphics\games101\homework6\Bounds3.hpp(21,42): warning C4244: 'argument': conversion from 'double' to 'float', possible loss of data
D:\Works\Codes\Computer Graphics\games101\homework6\Bounds3.hpp(21,34): warning C4244: 'argument': conversion from 'double' to 'float', possible loss of data
D:\Works\Codes\Computer Graphics\games101\homework6\Bounds3.hpp(22,50): warning C4244: 'argument': conversion from 'double' to 'float', possible loss of data
D:\Works\Codes\Computer Graphics\games101\homework6\Bounds3.hpp(22,42): warning C4244: 'argument': conversion from 'double' to 'float', possible loss of data
D:\Works\Codes\Computer Graphics\games101\homework6\Bounds3.hpp(22,34): warning C4244: 'argument': conversion from 'double' to 'float', possible loss of data
D:\Works\Codes\Computer Graphics\games101\homework6\Scene.hpp(22): warning C4305: 'argument': truncation from 'double' to 'float'
D:\Works\Codes\Computer Graphics\games101\homework6\Scene.cpp(129,40): warning C4244: 'argument': conversion from 'int' to 'const float', possible loss of data
  main.cpp
D:\Works\Codes\Computer Graphics\games101\homework6\global.hpp(19,46): warning C4244: '=': conversion from 'double' to 'float', possible loss of data
D:\Works\Codes\Computer Graphics\games101\homework6\global.hpp(21,17): warning C4244: 'initializing': conversion from 'double' to 'float', possible loss of data
D:\Works\Codes\Computer Graphics\games101\homework6\global.hpp(45,13): warning C4244: 'initializing': conversion from 'float' to 'int', possible loss of data
D:\Works\Codes\Computer Graphics\games101\homework6\Ray.hpp(18,73): warning C4244: 'argument': conversion from 'double' to 'float', possible loss of data
D:\Works\Codes\Computer Graphics\games101\homework6\Ray.hpp(18,55): warning C4244: 'argument': conversion from 'double' to 'float', possible loss of data
D:\Works\Codes\Computer Graphics\games101\homework6\Ray.hpp(18,37): warning C4244: 'argument': conversion from 'double' to 'float', possible loss of data
D:\Works\Codes\Computer Graphics\games101\homework6\Ray.hpp(23,71): warning C4244: 'argument': conversion from 'double' to 'const float', possible loss of data
D:\Works\Codes\Computer Graphics\games101\homework6\Bounds3.hpp(21,50): warning C4244: 'argument': conversion from 'double' to 'float', possible loss of data
D:\Works\Codes\Computer Graphics\games101\homework6\Bounds3.hpp(21,42): warning C4244: 'argument': conversion from 'double' to 'float', possible loss of data
D:\Works\Codes\Computer Graphics\games101\homework6\Bounds3.hpp(21,34): warning C4244: 'argument': conversion from 'double' to 'float', possible loss of data
D:\Works\Codes\Computer Graphics\games101\homework6\Bounds3.hpp(22,50): warning C4244: 'argument': conversion from 'double' to 'float', possible loss of data
D:\Works\Codes\Computer Graphics\games101\homework6\Bounds3.hpp(22,42): warning C4244: 'argument': conversion from 'double' to 'float', possible loss of data
D:\Works\Codes\Computer Graphics\games101\homework6\Bounds3.hpp(22,34): warning C4244: 'argument': conversion from 'double' to 'float', possible loss of data
D:\Works\Codes\Computer Graphics\games101\homework6\Scene.hpp(22): warning C4305: 'argument': truncation from 'double' to 'float'
D:\Works\Codes\Computer Graphics\games101\homework6\OBJ_Loader.hpp(945,33): warning C4244: 'initializing': conversion from 'double' to 'float', possible loss of data
D:\Works\Codes\Computer Graphics\games101\homework6\Triangle.hpp(116,1): warning C4305: '=': truncation from 'double' to 'float'
D:\Works\Codes\Computer Graphics\games101\homework6\Triangle.hpp(178,23): warning C4244: 'initializing': conversion from 'int' to 'float', possible loss of data
D:\Works\Codes\Computer Graphics\games101\homework6\Triangle.hpp(179,1): warning C4305: 'argument': truncation from 'double' to 'float'
D:\Works\Visual Studio 2022\VC\Tools\MSVC\14.35.32215\include\memory(3393,56): warning C4244: 'argument': conversion from '_Ty' to 'float', possible loss of data
          with
          [
              _Ty=int
          ]
D:\Works\Codes\Computer Graphics\games101\homework6\main.cpp(19): message : see reference to function template instantiation 'std::unique_ptr<Light,std::default_delete<Light>> std::make_unique<Light,Vector3f,int,0>(Vector3f &&,int &&)' being compiled
  Generating Code...
  homework6.vcxproj -> D:\Works\Codes\Computer Graphics\games101\x64\Debug\homework6.exe
